<?xml version="1.0" encoding="UTF-8"?>
<!-- Generated by org.testng.reporters.JUnitXMLReporter -->
<testsuite ignored="0" hostname="Prantas-MacBook-Pro.local" failures="3" tests="4" name="Web" time="86.35" errors="0" timestamp="2023-06-20T10:28:03 IST">
  <testcase classname="com.Playground.runner.Web_Runner" name="scenario" time="15.474"/>
  <testcase classname="com.Playground.runner.Web_Runner" name="scenario" time="11.514">
    <failure type="java.lang.AssertionError" message="expected [null] but found [Done ! Computer MacBook Pro has been created]">
      <![CDATA[java.lang.AssertionError: expected [null] but found [Done ! Computer MacBook Pro has been created]
at com.Playground.stepDefinitions.ComputerStepDefinitions.userShouldSeeASuccessMessage1(ComputerStepDefinitions.java:70)
at ✽.user should see a success message(file:///Users/prantasaha/Documents/GitHub/QOB_FastTrack_Framework/src/test/java/com/Playground/feature/Computer.feature:20)
... Removed 6 stack frames]]>
    </failure>
  </testcase> <!-- scenario -->
  <testcase classname="com.Playground.runner.Web_Runner" name="scenario" time="11.953">
    <failure type="java.lang.AssertionError" message="expected [null] but found [Done ! Computer MacBook Pro 2023 has been updated]">
      <![CDATA[java.lang.AssertionError: expected [null] but found [Done ! Computer MacBook Pro 2023 has been updated]
at com.Playground.stepDefinitions.ComputerStepDefinitions.userShouldSeeASuccessMessage1(ComputerStepDefinitions.java:70)
at ✽.user should see a success message(file:///Users/prantasaha/Documents/GitHub/QOB_FastTrack_Framework/src/test/java/com/Playground/feature/Computer.feature:28)
... Removed 6 stack frames]]>
    </failure>
  </testcase> <!-- scenario -->
  <testcase classname="com.Playground.runner.Web_Runner" name="scenario" time="41.915">
    <failure type="org.openqa.selenium.TimeoutException" message="Expected condition failed: waiting for visibility of element located by By.linkText: MacBook Pro 2023 (tried for 30 second(s) with 1000 milliseconds interval)
Build info: version: &amp;apos;4.2.0&amp;apos;, revision: &amp;apos;86eb611648&amp;apos;
System info: host: &amp;apos;Prantas-MacBook-Pro.local&amp;apos;, ip: &amp;apos;fe80:0:0:0:cd4:ffd1:2bdf:d1a1%en0&amp;apos;, os.name: &amp;apos;Mac OS X&amp;apos;, os.arch: &amp;apos;x86_64&amp;apos;, os.version: &amp;apos;10.16&amp;apos;, java.version: &amp;apos;11.0.11&amp;apos;
Driver info: org.openqa.selenium.chrome.ChromeDriver
Capabilities {acceptInsecureCerts: false, browserName: chrome, browserVersion: 114.0.5735.133, chrome: {chromedriverVersion: 114.0.5735.90 (386bc09e8f4f..., userDataDir: /var/folders/yr/06v78wyj3y1...}, goog:chromeOptions: {debuggerAddress: localhost:53077}, javascriptEnabled: true, networkConnectionEnabled: false, pageLoadStrategy: normal, platform: MAC, platformName: MAC, proxy: Proxy(), se:cdp: ws://localhost:53077/devtoo..., se:cdpVersion: 114.0.5735.133, setWindowRect: true, strictFileInteractability: false, timeouts: {implicit: 0, pageLoad: 300000, script: 30000}, unhandledPromptBehavior: dismiss and notify, webauthn:extension:credBlob: true, webauthn:extension:largeBlob: true, webauthn:extension:minPinLength: true, webauthn:extension:prf: true, webauthn:virtualAuthenticators: true}
Session ID: 6702445f4fd11d487a93e42f00931b39">
      <![CDATA[org.openqa.selenium.TimeoutException: Expected condition failed: waiting for visibility of element located by By.linkText: MacBook Pro 2023 (tried for 30 second(s) with 1000 milliseconds interval)
Build info: version: '4.2.0', revision: '86eb611648'
System info: host: 'Prantas-MacBook-Pro.local', ip: 'fe80:0:0:0:cd4:ffd1:2bdf:d1a1%en0', os.name: 'Mac OS X', os.arch: 'x86_64', os.version: '10.16', java.version: '11.0.11'
Driver info: org.openqa.selenium.chrome.ChromeDriver
Capabilities {acceptInsecureCerts: false, browserName: chrome, browserVersion: 114.0.5735.133, chrome: {chromedriverVersion: 114.0.5735.90 (386bc09e8f4f..., userDataDir: /var/folders/yr/06v78wyj3y1...}, goog:chromeOptions: {debuggerAddress: localhost:53077}, javascriptEnabled: true, networkConnectionEnabled: false, pageLoadStrategy: normal, platform: MAC, platformName: MAC, proxy: Proxy(), se:cdp: ws://localhost:53077/devtoo..., se:cdpVersion: 114.0.5735.133, setWindowRect: true, strictFileInteractability: false, timeouts: {implicit: 0, pageLoad: 300000, script: 30000}, unhandledPromptBehavior: dismiss and notify, webauthn:extension:credBlob: true, webauthn:extension:largeBlob: true, webauthn:extension:minPinLength: true, webauthn:extension:prf: true, webauthn:virtualAuthenticators: true}
Session ID: 6702445f4fd11d487a93e42f00931b39
at org.openqa.selenium.support.ui.WebDriverWait.timeoutException(WebDriverWait.java:87)
at org.openqa.selenium.support.ui.FluentWait.until(FluentWait.java:231)
at com.Playground.ccl.WebActions.waitForVisible(WebActions.java:42)
at com.Playground.ccl.WebActions.Click(WebActions.java:61)
at com.Playground.pages.ComputerPage.clickComputerLink(ComputerPage.java:43)
at com.Playground.stepDefinitions.ComputerStepDefinitions.userClicksOnTheComputer(ComputerStepDefinitions.java:80)
at ✽.user clicks on the "MacBook Pro 2023" computer(file:///Users/prantasaha/Documents/GitHub/QOB_FastTrack_Framework/src/test/java/com/Playground/feature/Computer.feature:34)
]]>
    </failure>
  </testcase> <!-- scenario -->
</testsuite> <!-- Web -->
