<html>
<head>
<title>TestNG:  Web</title>
<link href="../testng.css" rel="stylesheet" type="text/css" />
<link href="../my-testng.css" rel="stylesheet" type="text/css" />

<style type="text/css">
.log { display: none;} 
.stack-trace { display: none;} 
</style>
<script type="text/javascript">
<!--
function flip(e) {
  current = e.style.display;
  if (current == 'block') {
    e.style.display = 'none';
    return 0;
  }
  else {
    e.style.display = 'block';
    return 1;
  }
}

function toggleBox(szDivId, elem, msg1, msg2)
{
  var res = -1;  if (document.getElementById) {
    res = flip(document.getElementById(szDivId));
  }
  else if (document.all) {
    // this is the way old msie versions work
    res = flip(document.all[szDivId]);
  }
  if(elem) {
    if(res == 0) elem.innerHTML = msg1; else elem.innerHTML = msg2;
  }

}

function toggleAllBoxes() {
  if (document.getElementsByTagName) {
    d = document.getElementsByTagName('div');
    for (i = 0; i < d.length; i++) {
      if (d[i].className == 'log') {
        flip(d[i]);
      }
    }
  }
}

// -->
</script>

</head>
<body>
<h2 align='center'>Web</h2><table border='1' align="center">
<tr>
<td>Tests passed/Failed/Skipped:</td><td>1/3/0</td>
</tr><tr>
<td>Started on:</td><td>Tue Jun 20 10:26:36 IST 2023</td>
</tr>
<tr><td>Total time:</td><td>86 seconds (86350 ms)</td>
</tr><tr>
<td>Included groups:</td><td></td>
</tr><tr>
<td>Excluded groups:</td><td></td>
</tr>
</table><p/>
<small><i>(Hover the method name to see the test class name)</i></small><p/>
<table width='100%' border='1' class='invocation-failed'>
<tr><td colspan='4' align='center'><b>FAILED TESTS</b></td></tr>
<tr><td><b>Test method</b></td>
<td width="30%"><b>Exception</b></td>
<td width="10%"><b>Time (seconds)</b></td>
<td><b>Instance</b></td>
</tr>
<tr>
<td title='com.Playground.runner.Web_Runner.scenario()'><b>scenario</b><br>Test class: com.Playground.runner.Web_Runner<br>Test method: Run Cucumber Scenario<br>Parameters: "Delete a computer", "Manage Computers"</td>
<td><div><pre>org.openqa.selenium.TimeoutException: Expected condition failed: waiting for visibility of element located by By.linkText: MacBook Pro 2023 (tried for 30 second(s) with 1000 milliseconds interval)
Build info: version: &apos;4.2.0&apos;, revision: &apos;86eb611648&apos;
System info: host: &apos;Prantas-MacBook-Pro.local&apos;, ip: &apos;fe80:0:0:0:cd4:ffd1:2bdf:d1a1%en0&apos;, os.name: &apos;Mac OS X&apos;, os.arch: &apos;x86_64&apos;, os.version: &apos;10.16&apos;, java.version: &apos;11.0.11&apos;
Driver info: org.openqa.selenium.chrome.ChromeDriver
Capabilities {acceptInsecureCerts: false, browserName: chrome, browserVersion: 114.0.5735.133, chrome: {chromedriverVersion: 114.0.5735.90 (386bc09e8f4f..., userDataDir: /var/folders/yr/06v78wyj3y1...}, goog:chromeOptions: {debuggerAddress: localhost:53077}, javascriptEnabled: true, networkConnectionEnabled: false, pageLoadStrategy: normal, platform: MAC, platformName: MAC, proxy: Proxy(), se:cdp: ws://localhost:53077/devtoo..., se:cdpVersion: 114.0.5735.133, setWindowRect: true, strictFileInteractability: false, timeouts: {implicit: 0, pageLoad: 300000, script: 30000}, unhandledPromptBehavior: dismiss and notify, webauthn:extension:credBlob: true, webauthn:extension:largeBlob: true, webauthn:extension:minPinLength: true, webauthn:extension:prf: true, webauthn:virtualAuthenticators: true}
Session ID: 6702445f4fd11d487a93e42f00931b39
	at org.openqa.selenium.support.ui.WebDriverWait.timeoutException(WebDriverWait.java:87)
	at org.openqa.selenium.support.ui.FluentWait.until(FluentWait.java:231)
	at com.Playground.ccl.WebActions.waitForVisible(WebActions.java:42)
	at com.Playground.ccl.WebActions.Click(WebActions.java:61)
	at com.Playground.pages.ComputerPage.clickComputerLink(ComputerPage.java:43)
	at com.Playground.stepDefinitions.ComputerStepDefinitions.userClicksOnTheComputer(ComputerStepDefinitions.java:80)
	at ✽.user clicks on the &quot;MacBook Pro 2023&quot; computer(file:///Users/prantasaha/Documents/GitHub/QOB_FastTrack_Framework/src/test/java/com/Playground/feature/Computer.feature:34)
</pre></div><a href='#' onClick='toggleBox("stack-trace731802107", this, "Click to show all stack frames", "Click to hide stack frames")'>Click to show all stack frames</a>
<div class='stack-trace' id='stack-trace731802107'><pre>org.openqa.selenium.TimeoutException: Expected condition failed: waiting for visibility of element located by By.linkText: MacBook Pro 2023 (tried for 30 second(s) with 1000 milliseconds interval)
Build info: version: &apos;4.2.0&apos;, revision: &apos;86eb611648&apos;
System info: host: &apos;Prantas-MacBook-Pro.local&apos;, ip: &apos;fe80:0:0:0:cd4:ffd1:2bdf:d1a1%en0&apos;, os.name: &apos;Mac OS X&apos;, os.arch: &apos;x86_64&apos;, os.version: &apos;10.16&apos;, java.version: &apos;11.0.11&apos;
Driver info: org.openqa.selenium.chrome.ChromeDriver
Capabilities {acceptInsecureCerts: false, browserName: chrome, browserVersion: 114.0.5735.133, chrome: {chromedriverVersion: 114.0.5735.90 (386bc09e8f4f..., userDataDir: /var/folders/yr/06v78wyj3y1...}, goog:chromeOptions: {debuggerAddress: localhost:53077}, javascriptEnabled: true, networkConnectionEnabled: false, pageLoadStrategy: normal, platform: MAC, platformName: MAC, proxy: Proxy(), se:cdp: ws://localhost:53077/devtoo..., se:cdpVersion: 114.0.5735.133, setWindowRect: true, strictFileInteractability: false, timeouts: {implicit: 0, pageLoad: 300000, script: 30000}, unhandledPromptBehavior: dismiss and notify, webauthn:extension:credBlob: true, webauthn:extension:largeBlob: true, webauthn:extension:minPinLength: true, webauthn:extension:prf: true, webauthn:virtualAuthenticators: true}
Session ID: 6702445f4fd11d487a93e42f00931b39
	at org.openqa.selenium.support.ui.WebDriverWait.timeoutException(WebDriverWait.java:87)
	at org.openqa.selenium.support.ui.FluentWait.until(FluentWait.java:231)
	at com.Playground.ccl.WebActions.waitForVisible(WebActions.java:42)
	at com.Playground.ccl.WebActions.Click(WebActions.java:61)
	at com.Playground.pages.ComputerPage.clickComputerLink(ComputerPage.java:43)
	at com.Playground.stepDefinitions.ComputerStepDefinitions.userClicksOnTheComputer(ComputerStepDefinitions.java:80)
	at ✽.user clicks on the &quot;MacBook Pro 2023&quot; computer(file:///Users/prantasaha/Documents/GitHub/QOB_FastTrack_Framework/src/test/java/com/Playground/feature/Computer.feature:34)
</pre></div></td>
<td>41</td>
<td>com.Playground.runner.Web_Runner@1649b0e6</td></tr>
<tr>
<td title='com.Playground.runner.Web_Runner.scenario()'><b>scenario</b><br>Test class: com.Playground.runner.Web_Runner<br>Test method: Run Cucumber Scenario<br>Parameters: "Edit a computer", "Manage Computers"</td>
<td><div><pre>java.lang.AssertionError: expected [null] but found [Done ! Computer MacBook Pro 2023 has been updated]
	at com.Playground.stepDefinitions.ComputerStepDefinitions.userShouldSeeASuccessMessage1(ComputerStepDefinitions.java:70)
	at ✽.user should see a success message(file:///Users/prantasaha/Documents/GitHub/QOB_FastTrack_Framework/src/test/java/com/Playground/feature/Computer.feature:28)
... Removed 6 stack frames</pre></div><a href='#' onClick='toggleBox("stack-trace1821330375", this, "Click to show all stack frames", "Click to hide stack frames")'>Click to show all stack frames</a>
<div class='stack-trace' id='stack-trace1821330375'><pre>java.lang.AssertionError: expected [null] but found [Done ! Computer MacBook Pro 2023 has been updated]
	at org.testng.Assert.fail(Assert.java:110)
	at org.testng.Assert.failNotEquals(Assert.java:1413)
	at org.testng.Assert.assertEqualsImpl(Assert.java:149)
	at org.testng.Assert.assertEquals(Assert.java:131)
	at org.testng.Assert.assertEquals(Assert.java:655)
	at org.testng.Assert.assertEquals(Assert.java:665)
	at com.Playground.stepDefinitions.ComputerStepDefinitions.userShouldSeeASuccessMessage1(ComputerStepDefinitions.java:70)
	at ✽.user should see a success message(file:///Users/prantasaha/Documents/GitHub/QOB_FastTrack_Framework/src/test/java/com/Playground/feature/Computer.feature:28)
</pre></div></td>
<td>11</td>
<td>com.Playground.runner.Web_Runner@1649b0e6</td></tr>
<tr>
<td title='com.Playground.runner.Web_Runner.scenario()'><b>scenario</b><br>Test class: com.Playground.runner.Web_Runner<br>Test method: Run Cucumber Scenario<br>Parameters: "Add a new computer", "Manage Computers"</td>
<td><div><pre>java.lang.AssertionError: expected [null] but found [Done ! Computer MacBook Pro has been created]
	at com.Playground.stepDefinitions.ComputerStepDefinitions.userShouldSeeASuccessMessage1(ComputerStepDefinitions.java:70)
	at ✽.user should see a success message(file:///Users/prantasaha/Documents/GitHub/QOB_FastTrack_Framework/src/test/java/com/Playground/feature/Computer.feature:20)
... Removed 6 stack frames</pre></div><a href='#' onClick='toggleBox("stack-trace2125625192", this, "Click to show all stack frames", "Click to hide stack frames")'>Click to show all stack frames</a>
<div class='stack-trace' id='stack-trace2125625192'><pre>java.lang.AssertionError: expected [null] but found [Done ! Computer MacBook Pro has been created]
	at org.testng.Assert.fail(Assert.java:110)
	at org.testng.Assert.failNotEquals(Assert.java:1413)
	at org.testng.Assert.assertEqualsImpl(Assert.java:149)
	at org.testng.Assert.assertEquals(Assert.java:131)
	at org.testng.Assert.assertEquals(Assert.java:655)
	at org.testng.Assert.assertEquals(Assert.java:665)
	at com.Playground.stepDefinitions.ComputerStepDefinitions.userShouldSeeASuccessMessage1(ComputerStepDefinitions.java:70)
	at ✽.user should see a success message(file:///Users/prantasaha/Documents/GitHub/QOB_FastTrack_Framework/src/test/java/com/Playground/feature/Computer.feature:20)
</pre></div></td>
<td>11</td>
<td>com.Playground.runner.Web_Runner@1649b0e6</td></tr>
</table><p>
<table width='100%' border='1' class='invocation-passed'>
<tr><td colspan='4' align='center'><b>PASSED TESTS</b></td></tr>
<tr><td><b>Test method</b></td>
<td width="30%"><b>Exception</b></td>
<td width="10%"><b>Time (seconds)</b></td>
<td><b>Instance</b></td>
</tr>
<tr>
<td title='com.Playground.runner.Web_Runner.scenario()'><b>scenario</b><br>Test class: com.Playground.runner.Web_Runner<br>Test method: Run Cucumber Scenario<br>Parameters: "Search for a computer", "Manage Computers"</td>
<td></td>
<td>15</td>
<td>com.Playground.runner.Web_Runner@1649b0e6</td></tr>
</table><p>
</body>
</html>