<?xml version="1.0" encoding="UTF-8"?>
<testng-results ignored="0" total="4" passed="1" failed="3" skipped="0">
  <reporter-output>
  </reporter-output>
  <suite started-at="2023-06-20T10:26:36 IST" name="Suite" finished-at="2023-06-20T10:28:03 IST" duration-ms="86350">
    <groups>
      <group name="cucumber">
        <method signature="Web_Runner.scenario(io.cucumber.testng.PickleWrapper,io.cucumber.testng.FeatureWrapper)[pri:0, instance:com.Playground.runner.Web_Runner@1649b0e6]" name="scenario" class="com.Playground.runner.Web_Runner"/>
      </group> <!-- cucumber -->
    </groups>
    <test started-at="2023-06-20T10:26:36 IST" name="Web" finished-at="2023-06-20T10:28:03 IST" duration-ms="86350">
      <class name="com.Playground.runner.Web_Runner">
        <test-method is-config="true" signature="setUpClass()[pri:0, instance:com.Playground.runner.Web_Runner@1649b0e6]" started-at="2023-06-20T10:26:36 IST" name="setUpClass" finished-at="2023-06-20T10:26:37 IST" duration-ms="814" status="PASS">
          <reporter-output>
          </reporter-output>
        </test-method> <!-- setUpClass -->
        <test-method signature="scenario(io.cucumber.testng.PickleWrapper,io.cucumber.testng.FeatureWrapper)[pri:0, instance:com.Playground.runner.Web_Runner@1649b0e6]" started-at="2023-06-20T10:26:37 IST" name="scenario" description="Run Cucumber Scenario" data-provider="scenarios" finished-at="2023-06-20T10:26:53 IST" duration-ms="15474" status="PASS">
          <params>
            <param index="0">
              <value>
                <![CDATA["Search for a computer"]]>
              </value>
            </param>
            <param index="1">
              <value>
                <![CDATA["Manage Computers"]]>
              </value>
            </param>
          </params>
          <reporter-output>
          </reporter-output>
        </test-method> <!-- scenario -->
        <test-method signature="scenario(io.cucumber.testng.PickleWrapper,io.cucumber.testng.FeatureWrapper)[pri:0, instance:com.Playground.runner.Web_Runner@1649b0e6]" started-at="2023-06-20T10:26:53 IST" name="scenario" description="Run Cucumber Scenario" data-provider="scenarios" finished-at="2023-06-20T10:27:05 IST" duration-ms="11514" status="FAIL">
          <params>
            <param index="0">
              <value>
                <![CDATA["Add a new computer"]]>
              </value>
            </param>
            <param index="1">
              <value>
                <![CDATA["Manage Computers"]]>
              </value>
            </param>
          </params>
          <exception class="java.lang.AssertionError">
            <message>
              <![CDATA[expected [null] but found [Done ! Computer MacBook Pro has been created]]]>
            </message>
            <full-stacktrace>
              <![CDATA[java.lang.AssertionError: expected [null] but found [Done ! Computer MacBook Pro has been created]
at org.testng.Assert.fail(Assert.java:110)
at org.testng.Assert.failNotEquals(Assert.java:1413)
at org.testng.Assert.assertEqualsImpl(Assert.java:149)
at org.testng.Assert.assertEquals(Assert.java:131)
at org.testng.Assert.assertEquals(Assert.java:655)
at org.testng.Assert.assertEquals(Assert.java:665)
at com.Playground.stepDefinitions.ComputerStepDefinitions.userShouldSeeASuccessMessage1(ComputerStepDefinitions.java:70)
at ✽.user should see a success message(file:///Users/prantasaha/Documents/GitHub/QOB_FastTrack_Framework/src/test/java/com/Playground/feature/Computer.feature:20)
]]>
            </full-stacktrace>
          </exception> <!-- java.lang.AssertionError -->
          <reporter-output>
          </reporter-output>
        </test-method> <!-- scenario -->
        <test-method signature="scenario(io.cucumber.testng.PickleWrapper,io.cucumber.testng.FeatureWrapper)[pri:0, instance:com.Playground.runner.Web_Runner@1649b0e6]" started-at="2023-06-20T10:27:05 IST" name="scenario" description="Run Cucumber Scenario" data-provider="scenarios" finished-at="2023-06-20T10:27:17 IST" duration-ms="11953" status="FAIL">
          <params>
            <param index="0">
              <value>
                <![CDATA["Edit a computer"]]>
              </value>
            </param>
            <param index="1">
              <value>
                <![CDATA["Manage Computers"]]>
              </value>
            </param>
          </params>
          <exception class="java.lang.AssertionError">
            <message>
              <![CDATA[expected [null] but found [Done ! Computer MacBook Pro 2023 has been updated]]]>
            </message>
            <full-stacktrace>
              <![CDATA[java.lang.AssertionError: expected [null] but found [Done ! Computer MacBook Pro 2023 has been updated]
at org.testng.Assert.fail(Assert.java:110)
at org.testng.Assert.failNotEquals(Assert.java:1413)
at org.testng.Assert.assertEqualsImpl(Assert.java:149)
at org.testng.Assert.assertEquals(Assert.java:131)
at org.testng.Assert.assertEquals(Assert.java:655)
at org.testng.Assert.assertEquals(Assert.java:665)
at com.Playground.stepDefinitions.ComputerStepDefinitions.userShouldSeeASuccessMessage1(ComputerStepDefinitions.java:70)
at ✽.user should see a success message(file:///Users/prantasaha/Documents/GitHub/QOB_FastTrack_Framework/src/test/java/com/Playground/feature/Computer.feature:28)
]]>
            </full-stacktrace>
          </exception> <!-- java.lang.AssertionError -->
          <reporter-output>
          </reporter-output>
        </test-method> <!-- scenario -->
        <test-method signature="scenario(io.cucumber.testng.PickleWrapper,io.cucumber.testng.FeatureWrapper)[pri:0, instance:com.Playground.runner.Web_Runner@1649b0e6]" started-at="2023-06-20T10:27:18 IST" name="scenario" description="Run Cucumber Scenario" data-provider="scenarios" finished-at="2023-06-20T10:27:59 IST" duration-ms="41915" status="FAIL">
          <params>
            <param index="0">
              <value>
                <![CDATA["Delete a computer"]]>
              </value>
            </param>
            <param index="1">
              <value>
                <![CDATA["Manage Computers"]]>
              </value>
            </param>
          </params>
          <exception class="org.openqa.selenium.TimeoutException">
            <message>
              <![CDATA[Expected condition failed: waiting for visibility of element located by By.linkText: MacBook Pro 2023 (tried for 30 second(s) with 1000 milliseconds interval)
Build info: version: '4.2.0', revision: '86eb611648'
System info: host: 'Prantas-MacBook-Pro.local', ip: 'fe80:0:0:0:cd4:ffd1:2bdf:d1a1%en0', os.name: 'Mac OS X', os.arch: 'x86_64', os.version: '10.16', java.version: '11.0.11'
Driver info: org.openqa.selenium.chrome.ChromeDriver
Capabilities {acceptInsecureCerts: false, browserName: chrome, browserVersion: 114.0.5735.133, chrome: {chromedriverVersion: 114.0.5735.90 (386bc09e8f4f..., userDataDir: /var/folders/yr/06v78wyj3y1...}, goog:chromeOptions: {debuggerAddress: localhost:53077}, javascriptEnabled: true, networkConnectionEnabled: false, pageLoadStrategy: normal, platform: MAC, platformName: MAC, proxy: Proxy(), se:cdp: ws://localhost:53077/devtoo..., se:cdpVersion: 114.0.5735.133, setWindowRect: true, strictFileInteractability: false, timeouts: {implicit: 0, pageLoad: 300000, script: 30000}, unhandledPromptBehavior: dismiss and notify, webauthn:extension:credBlob: true, webauthn:extension:largeBlob: true, webauthn:extension:minPinLength: true, webauthn:extension:prf: true, webauthn:virtualAuthenticators: true}
Session ID: 6702445f4fd11d487a93e42f00931b39]]>
            </message>
            <full-stacktrace>
              <![CDATA[org.openqa.selenium.TimeoutException: Expected condition failed: waiting for visibility of element located by By.linkText: MacBook Pro 2023 (tried for 30 second(s) with 1000 milliseconds interval)
Build info: version: '4.2.0', revision: '86eb611648'
System info: host: 'Prantas-MacBook-Pro.local', ip: 'fe80:0:0:0:cd4:ffd1:2bdf:d1a1%en0', os.name: 'Mac OS X', os.arch: 'x86_64', os.version: '10.16', java.version: '11.0.11'
Driver info: org.openqa.selenium.chrome.ChromeDriver
Capabilities {acceptInsecureCerts: false, browserName: chrome, browserVersion: 114.0.5735.133, chrome: {chromedriverVersion: 114.0.5735.90 (386bc09e8f4f..., userDataDir: /var/folders/yr/06v78wyj3y1...}, goog:chromeOptions: {debuggerAddress: localhost:53077}, javascriptEnabled: true, networkConnectionEnabled: false, pageLoadStrategy: normal, platform: MAC, platformName: MAC, proxy: Proxy(), se:cdp: ws://localhost:53077/devtoo..., se:cdpVersion: 114.0.5735.133, setWindowRect: true, strictFileInteractability: false, timeouts: {implicit: 0, pageLoad: 300000, script: 30000}, unhandledPromptBehavior: dismiss and notify, webauthn:extension:credBlob: true, webauthn:extension:largeBlob: true, webauthn:extension:minPinLength: true, webauthn:extension:prf: true, webauthn:virtualAuthenticators: true}
Session ID: 6702445f4fd11d487a93e42f00931b39
at org.openqa.selenium.support.ui.WebDriverWait.timeoutException(WebDriverWait.java:87)
at org.openqa.selenium.support.ui.FluentWait.until(FluentWait.java:231)
at com.Playground.ccl.WebActions.waitForVisible(WebActions.java:42)
at com.Playground.ccl.WebActions.Click(WebActions.java:61)
at com.Playground.pages.ComputerPage.clickComputerLink(ComputerPage.java:43)
at com.Playground.stepDefinitions.ComputerStepDefinitions.userClicksOnTheComputer(ComputerStepDefinitions.java:80)
at ✽.user clicks on the "MacBook Pro 2023" computer(file:///Users/prantasaha/Documents/GitHub/QOB_FastTrack_Framework/src/test/java/com/Playground/feature/Computer.feature:34)
]]>
            </full-stacktrace>
          </exception> <!-- org.openqa.selenium.TimeoutException -->
          <reporter-output>
          </reporter-output>
        </test-method> <!-- scenario -->
        <test-method is-config="true" signature="tearDownClass()[pri:0, instance:com.Playground.runner.Web_Runner@1649b0e6]" started-at="2023-06-20T10:28:00 IST" name="tearDownClass" finished-at="2023-06-20T10:28:03 IST" duration-ms="2883" status="PASS">
          <reporter-output>
          </reporter-output>
        </test-method> <!-- tearDownClass -->
      </class> <!-- com.Playground.runner.Web_Runner -->
    </test> <!-- Web -->
  </suite> <!-- Suite -->
</testng-results>
